ch02helloworld/build/intermediates/manifest_merge_blame_file/debug/manifest-merger-blame-debug-report.txt
1<?xml version="1.0" encoding="utf-8"?>
2<manifest xmlns:android="http://schemas.android.com/apk/res/android"
3    package="com.helloworld" >
4
5    <uses-sdk
6        android:minSdkVersion="14"
6-->src\main\AndroidManifest.xml
7        android:targetSdkVersion="30" />
7-->src\main\AndroidManifest.xml
8
9    <application
9-->src\main\AndroidManifest.xml:4:5-16:19
10        android:appComponentFactory="androidx.core.app.CoreComponentFactory"
10-->[androidx.core:core:1.5.0] AndroidManifest.xml:24:18-86
11        android:debuggable="true"
12        android:icon="@drawable/ic_launcher"
12-->src\main\AndroidManifest.xml:5:9-45
13        android:label="Chapter 02 - Hello World"
13-->src\main\AndroidManifest.xml:6:9-49
14        android:testOnly="true"
15        android:theme="@style/AppTheme" >
15-->src\main\AndroidManifest.xml:7:9-40
16        <activity
16-->src\main\AndroidManifest.xml:8:9-15:20
17            android:name="com.helloworld.HelloWorldActivity"
17-->src\main\AndroidManifest.xml:9:13-47
18            android:label="Chapter 2 - Hello World" >
18-->src\main\AndroidManifest.xml:10:13-52
19            <intent-filter>
19-->src\main\AndroidManifest.xml:11:13-14:29
20                <action android:name="android.intent.action.MAIN" />
20-->src\main\AndroidManifest.xml:12:17-69
20-->src\main\AndroidManifest.xml:12:25-66
21
22                <category android:name="android.intent.category.LAUNCHER" />
22-->src\main\AndroidManifest.xml:13:17-77
22-->src\main\AndroidManifest.xml:13:27-74
23            </intent-filter>
24        </activity>
25    </application>
26
27</manifest>